  Building Custom Rule C:/Users/edkwa/Desktop/Centipede/SFML/src/SFML/System/CMakeLists.txt
  Clock.cpp
  Err.cpp
  Lock.cpp
  Mutex.cpp
  Sleep.cpp
  String.cpp
  Thread.cpp
  ThreadLocal.cpp
  Time.cpp
  FileInputStream.cpp
  MemoryInputStream.cpp
  ClockImpl.cpp
  MutexImpl.cpp
  SleepImpl.cpp
  ThreadImpl.cpp
  ThreadLocalImpl.cpp
  Generating Code...
     Creating library C:/Users/edkwa/Desktop/Centipede/build/output/lib/Debug/sfml-system-d.lib and object C:/Users/edkwa/Desktop/Centipede/build/output/lib/Debug/sfml-system-d.exp
  sfml-system.vcxproj -> C:\Users\edkwa\Desktop\Centipede\build\output\bin\sfml-system-d-2.dll
